2019-08-02 18:27:57,759 [Worker-3: Loading available Gradle versions] INFO  o.e.b.c.i.u.g.PublishedGradleVersions - Gradle version information cache is up-to-date. Trying to read.
2019-08-02 18:29:35,892 [Worker-6: Creating project "EmployeeList"] INFO  o.e.m.c.i.e.AbstractTransferListenerAdapter - Downloaded https://repo.maven.apache.org/maven2/com/luv2code/saptech/EmployeeList_parent/1.0/EmployeeList_parent-1.0.pom
2019-08-02 18:29:46,217 [Worker-16: reload maven project] ERROR o.e.m.c.i.p.r.ProjectRegistryManager - Failed to read Maven project: 1 problem was encountered while building the effective model for com.luv2code.saptech:EmployeeList:0.0.1-SNAPSHOT
[FATAL] Non-resolvable parent POM for com.luv2code.saptech:EmployeeList:0.0.1-SNAPSHOT: Failure to find com.luv2code.saptech:EmployeeList_parent:pom:1.0 in https://repo.maven.apache.org/maven2 was cached in the local repository, resolution will not be reattempted until the update interval of central has elapsed or updates are forced and 'parent.relativePath' points at wrong local POM @ line 3, column 11
 for project com.luv2code.saptech:EmployeeList:0.0.1-SNAPSHOT at C:\Demo_Jenkins\EmployeeList\pom.xml
org.apache.maven.project.ProjectBuildingException: 1 problem was encountered while building the effective model for com.luv2code.saptech:EmployeeList:0.0.1-SNAPSHOT
[FATAL] Non-resolvable parent POM for com.luv2code.saptech:EmployeeList:0.0.1-SNAPSHOT: Failure to find com.luv2code.saptech:EmployeeList_parent:pom:1.0 in https://repo.maven.apache.org/maven2 was cached in the local repository, resolution will not be reattempted until the update interval of central has elapsed or updates are forced and 'parent.relativePath' points at wrong local POM @ line 3, column 11
 for project com.luv2code.saptech:EmployeeList:0.0.1-SNAPSHOT at C:\Demo_Jenkins\EmployeeList\pom.xml
	at org.apache.maven.project.DefaultProjectBuilder.build(DefaultProjectBuilder.java:165) ~[maven-core-3.5.3.jar:3.5.3]
	at org.apache.maven.project.DefaultProjectBuilder.build(DefaultProjectBuilder.java:116) ~[maven-core-3.5.3.jar:3.5.3]
	at org.eclipse.m2e.core.internal.embedder.MavenImpl.readMavenProject(MavenImpl.java:628) ~[org.eclipse.m2e.core_1.11.0.20190220-2119.jar:na]
	at org.eclipse.m2e.core.internal.project.registry.ProjectRegistryManager.lambda$3(ProjectRegistryManager.java:808) ~[org.eclipse.m2e.core_1.11.0.20190220-2119.jar:na]
	at org.eclipse.m2e.core.internal.embedder.MavenExecutionContext.executeBare(MavenExecutionContext.java:177) ~[org.eclipse.m2e.core_1.11.0.20190220-2119.jar:na]
	at org.eclipse.m2e.core.internal.embedder.MavenExecutionContext.execute(MavenExecutionContext.java:151) ~[org.eclipse.m2e.core_1.11.0.20190220-2119.jar:na]
	at org.eclipse.m2e.core.internal.embedder.MavenExecutionContext.execute(MavenExecutionContext.java:99) ~[org.eclipse.m2e.core_1.11.0.20190220-2119.jar:na]
	at org.eclipse.m2e.core.internal.project.registry.ProjectRegistryManager.execute(ProjectRegistryManager.java:958) ~[org.eclipse.m2e.core_1.11.0.20190220-2119.jar:na]
	at org.eclipse.m2e.core.internal.project.registry.ProjectRegistryManager.readProjectWithDependencies(ProjectRegistryManager.java:805) ~[org.eclipse.m2e.core_1.11.0.20190220-2119.jar:na]
	at org.eclipse.m2e.core.internal.project.registry.ProjectRegistryManager.create(ProjectRegistryManager.java:192) ~[org.eclipse.m2e.core_1.11.0.20190220-2119.jar:na]
	at org.eclipse.m2e.core.internal.project.registry.MavenProjectManager.create(MavenProjectManager.java:80) [org.eclipse.m2e.core_1.11.0.20190220-2119.jar:na]
	at org.eclipse.m2e.core.ui.internal.actions.SelectionUtil.getMavenProject(SelectionUtil.java:259) [org.eclipse.m2e.core.ui_1.11.0.20190220-2119.jar:na]
	at org.eclipse.m2e.editor.pom.MavenPomEditor.readMavenProject(MavenPomEditor.java:740) [org.eclipse.m2e.editor_1.11.0.20190220-2119.jar:na]
	at org.eclipse.m2e.editor.pom.MavenPomEditor$5.run(MavenPomEditor.java:1074) [org.eclipse.m2e.editor_1.11.0.20190220-2119.jar:na]
	at org.eclipse.core.internal.jobs.Worker.run(Worker.java:63) [org.eclipse.core.jobs_3.10.300.v20190215-2048.jar:na]
Caused by: org.apache.maven.model.building.ModelBuildingException: 1 problem was encountered while building the effective model for com.luv2code.saptech:EmployeeList:0.0.1-SNAPSHOT
[FATAL] Non-resolvable parent POM for com.luv2code.saptech:EmployeeList:0.0.1-SNAPSHOT: Failure to find com.luv2code.saptech:EmployeeList_parent:pom:1.0 in https://repo.maven.apache.org/maven2 was cached in the local repository, resolution will not be reattempted until the update interval of central has elapsed or updates are forced and 'parent.relativePath' points at wrong local POM @ line 3, column 11

	at org.apache.maven.model.building.DefaultModelProblemCollector.newModelBuildingException(DefaultModelProblemCollector.java:197) ~[maven-model-builder-3.5.3.jar:3.5.3]
	at org.apache.maven.model.building.DefaultModelBuilder.readParentExternally(DefaultModelBuilder.java:1082) ~[maven-model-builder-3.5.3.jar:3.5.3]
	at org.apache.maven.model.building.DefaultModelBuilder.readParent(DefaultModelBuilder.java:830) ~[maven-model-builder-3.5.3.jar:3.5.3]
	at org.apache.maven.model.building.DefaultModelBuilder.build(DefaultModelBuilder.java:332) ~[maven-model-builder-3.5.3.jar:3.5.3]
	at org.apache.maven.project.DefaultProjectBuilder.build(DefaultProjectBuilder.java:158) ~[maven-core-3.5.3.jar:3.5.3]
	... 14 common frames omitted
2019-08-02 18:30:23,515 [Worker-6: Building workspace] INFO  o.e.m.c.i.e.AbstractTransferListenerAdapter - Downloading https://repo.maven.apache.org/maven2/org/apache/maven/plugins/maven-war-plugin/2.2/maven-war-plugin-2.2.jar
2019-08-02 18:30:24,045 [Worker-6: Building workspace] INFO  o.e.m.c.i.e.AbstractTransferListenerAdapter - Downloaded https://repo.maven.apache.org/maven2/org/apache/maven/plugins/maven-war-plugin/2.2/maven-war-plugin-2.2.jar
2019-08-02 18:30:26,458 [Worker-6: Building workspace] INFO  o.e.m.c.i.l.LifecycleMappingFactory - Using org.maven.ide.eclipse.wtp.WarLifecycleMapping lifecycle mapping for MavenProject: com.luv2code.saptech:EmployeeList:0.0.1-SNAPSHOT @ C:\Demo_Jenkins\EmployeeList\pom.xml.
2019-08-02 18:30:27,182 [Worker-6: Building workspace] INFO  o.e.m.c.i.e.AbstractTransferListenerAdapter - Downloading https://repo.maven.apache.org/maven2/org/apache/maven/plugins/maven-war-plugin/2.2/maven-war-plugin-2.2.pom
2019-08-02 18:30:27,341 [Worker-6: Building workspace] INFO  o.e.m.c.i.e.AbstractTransferListenerAdapter - Downloaded https://repo.maven.apache.org/maven2/org/apache/maven/plugins/maven-war-plugin/2.2/maven-war-plugin-2.2.pom
2019-08-02 18:30:27,667 [Worker-6: Building workspace] INFO  o.e.m.c.i.e.AbstractTransferListenerAdapter - Downloading https://repo.maven.apache.org/maven2/com/thoughtworks/xstream/xstream/1.3.1/xstream-1.3.1.pom
2019-08-02 18:30:27,836 [Worker-6: Building workspace] INFO  o.e.m.c.i.e.AbstractTransferListenerAdapter - Downloaded https://repo.maven.apache.org/maven2/com/thoughtworks/xstream/xstream/1.3.1/xstream-1.3.1.pom
2019-08-02 18:30:28,009 [Worker-6: Building workspace] INFO  o.e.m.c.i.e.AbstractTransferListenerAdapter - Downloading https://repo.maven.apache.org/maven2/com/thoughtworks/xstream/xstream-parent/1.3.1/xstream-parent-1.3.1.pom
2019-08-02 18:30:28,173 [Worker-6: Building workspace] INFO  o.e.m.c.i.e.AbstractTransferListenerAdapter - Downloaded https://repo.maven.apache.org/maven2/com/thoughtworks/xstream/xstream-parent/1.3.1/xstream-parent-1.3.1.pom
2019-08-02 18:30:28,344 [Worker-6: Building workspace] INFO  o.e.m.c.i.e.AbstractTransferListenerAdapter - Downloading https://repo.maven.apache.org/maven2/org/apache/maven/shared/maven-filtering/1.0-beta-2/maven-filtering-1.0-beta-2.pom
2019-08-02 18:30:28,518 [Worker-6: Building workspace] INFO  o.e.m.c.i.e.AbstractTransferListenerAdapter - Downloaded https://repo.maven.apache.org/maven2/org/apache/maven/shared/maven-filtering/1.0-beta-2/maven-filtering-1.0-beta-2.pom
2019-08-02 18:30:28,678 [Worker-6: Building workspace] INFO  o.e.m.c.i.e.AbstractTransferListenerAdapter - Downloading https://repo.maven.apache.org/maven2/org/apache/maven/shared/maven-shared-components/10/maven-shared-components-10.pom
2019-08-02 18:30:28,848 [Worker-6: Building workspace] INFO  o.e.m.c.i.e.AbstractTransferListenerAdapter - Downloaded https://repo.maven.apache.org/maven2/org/apache/maven/shared/maven-shared-components/10/maven-shared-components-10.pom
2019-08-02 18:30:29,010 [Worker-6: Building workspace] INFO  o.e.m.c.i.e.AbstractTransferListenerAdapter - Downloading https://repo.maven.apache.org/maven2/org/apache/maven/maven-parent/9/maven-parent-9.pom
2019-08-02 18:30:29,174 [Worker-6: Building workspace] INFO  o.e.m.c.i.e.AbstractTransferListenerAdapter - Downloaded https://repo.maven.apache.org/maven2/org/apache/maven/maven-parent/9/maven-parent-9.pom
2019-08-02 18:30:29,338 [Worker-6: Building workspace] INFO  o.e.m.c.i.e.AbstractTransferListenerAdapter - Downloading https://repo.maven.apache.org/maven2/org/codehaus/plexus/plexus-utils/1.5.6/plexus-utils-1.5.6.pom
2019-08-02 18:30:29,507 [Worker-6: Building workspace] INFO  o.e.m.c.i.e.AbstractTransferListenerAdapter - Downloaded https://repo.maven.apache.org/maven2/org/codehaus/plexus/plexus-utils/1.5.6/plexus-utils-1.5.6.pom
2019-08-02 18:30:29,674 [Worker-6: Building workspace] INFO  o.e.m.c.i.e.AbstractTransferListenerAdapter - Downloading https://repo.maven.apache.org/maven2/org/codehaus/plexus/plexus/1.0.12/plexus-1.0.12.pom
2019-08-02 18:30:29,844 [Worker-6: Building workspace] INFO  o.e.m.c.i.e.AbstractTransferListenerAdapter - Downloaded https://repo.maven.apache.org/maven2/org/codehaus/plexus/plexus/1.0.12/plexus-1.0.12.pom
2019-08-02 18:30:30,007 [Worker-6: Building workspace] INFO  o.e.m.c.i.e.AbstractTransferListenerAdapter - Downloading https://repo.maven.apache.org/maven2/org/codehaus/plexus/plexus-interpolation/1.6/plexus-interpolation-1.6.pom
2019-08-02 18:30:30,174 [Worker-6: Building workspace] INFO  o.e.m.c.i.e.AbstractTransferListenerAdapter - Downloaded https://repo.maven.apache.org/maven2/org/codehaus/plexus/plexus-interpolation/1.6/plexus-interpolation-1.6.pom
2019-08-02 18:30:30,369 [Worker-6: Building workspace] INFO  o.e.m.c.i.e.AbstractTransferListenerAdapter - Downloading https://repo.maven.apache.org/maven2/com/thoughtworks/xstream/xstream/1.3.1/xstream-1.3.1.jar
2019-08-02 18:30:30,992 [Worker-6: Building workspace] INFO  o.e.m.c.i.e.AbstractTransferListenerAdapter - Downloaded https://repo.maven.apache.org/maven2/com/thoughtworks/xstream/xstream/1.3.1/xstream-1.3.1.jar
2019-08-02 18:30:31,145 [Worker-6: Building workspace] INFO  o.e.m.c.i.e.AbstractTransferListenerAdapter - Downloading https://repo.maven.apache.org/maven2/org/apache/maven/shared/maven-filtering/1.0-beta-2/maven-filtering-1.0-beta-2.jar
2019-08-02 18:30:31,381 [Worker-6: Building workspace] INFO  o.e.m.c.i.e.AbstractTransferListenerAdapter - Downloaded https://repo.maven.apache.org/maven2/org/apache/maven/shared/maven-filtering/1.0-beta-2/maven-filtering-1.0-beta-2.jar
2019-08-02 18:30:32,823 [Worker-6: Building workspace] WARN  o.e.m.c.i.embedder.EclipseLogger - Using platform encoding (Cp1252 actually) to copy filtered resources, i.e. build is platform dependent!
2019-08-02 18:30:32,833 [Worker-6: Building workspace] INFO  o.e.m.c.i.embedder.EclipseLogger - Copying 0 resource
2019-08-02 18:30:32,839 [Worker-6: Building workspace] WARN  o.e.m.c.i.embedder.EclipseLogger - Using platform encoding (Cp1252 actually) to copy filtered resources, i.e. build is platform dependent!
2019-08-02 18:30:32,844 [Worker-6: Building workspace] INFO  o.e.m.c.i.embedder.EclipseLogger - Copying 0 resource
2019-08-02 18:30:32,849 [Worker-6: Building workspace] INFO  o.e.m.w.i.f.ResourceFilteringBuildParticipant - Changed resources require a complete clean of filtered resources of EmployeeList
2019-08-02 18:30:32,850 [Worker-6: Building workspace] INFO  o.e.m.w.i.f.ResourceFilteringBuildParticipant - Executing resource filtering for EmployeeList
2019-08-02 18:30:32,852 [Worker-6: Building workspace] WARN  o.e.m.c.i.embedder.EclipseLogger - The POM for org.apache.maven.plugins:maven-clean-plugin:jar:2.5 is missing, no dependency information available
2019-08-02 18:30:32,860 [Worker-6: Building workspace] WARN  o.e.m.c.i.embedder.EclipseLogger - Using platform encoding (Cp1252 actually) to copy filtered resources, i.e. build is platform dependent!
2019-08-02 18:30:33,014 [Worker-12: Updating Maven Project] INFO  o.e.m.c.i.p.ProjectConfigurationManager - Update started
2019-08-02 18:30:33,292 [Worker-12: Updating Maven Project] INFO  o.e.m.c.i.l.LifecycleMappingFactory - Using org.maven.ide.eclipse.wtp.WarLifecycleMapping lifecycle mapping for MavenProject: com.luv2code.saptech:EmployeeList:0.0.1-SNAPSHOT @ C:\Demo_Jenkins\EmployeeList\pom.xml.
2019-08-02 18:30:33,626 [Worker-12: Updating Maven Project] INFO  o.e.m.j.i.AbstractJavaProjectConfigurator - Adding source folder /EmployeeList/src/main/java
2019-08-02 18:30:33,627 [Worker-12: Updating Maven Project] INFO  o.e.m.j.i.AbstractJavaProjectConfigurator - Adding resource folder /EmployeeList/src/main/resources
2019-08-02 18:30:33,632 [Worker-12: Updating Maven Project] INFO  o.e.m.j.i.AbstractJavaProjectConfigurator - Adding source folder /EmployeeList/src/test/java
2019-08-02 18:30:33,632 [Worker-12: Updating Maven Project] INFO  o.e.m.j.i.AbstractJavaProjectConfigurator - Adding resource folder /EmployeeList/src/test/resources
2019-08-02 18:30:35,586 [Worker-12: Updating Maven Project] INFO  o.e.m.w.i.f.ResourceFilteringBuildParticipant - Cleaning filtered folder for EmployeeList
2019-08-02 18:30:36,040 [Worker-12: Updating Maven Project] INFO  o.e.m.c.i.p.ProjectConfigurationManager - Update completed: 3 sec
2019-08-02 18:30:36,622 [Worker-18: Building workspace] WARN  o.e.m.c.i.embedder.EclipseLogger - Using platform encoding (Cp1252 actually) to copy filtered resources, i.e. build is platform dependent!
2019-08-02 18:30:36,627 [Worker-18: Building workspace] INFO  o.e.m.c.i.embedder.EclipseLogger - Copying 0 resource
2019-08-02 18:30:36,628 [Worker-18: Building workspace] WARN  o.e.m.c.i.embedder.EclipseLogger - Using platform encoding (Cp1252 actually) to copy filtered resources, i.e. build is platform dependent!
2019-08-02 18:30:36,633 [Worker-18: Building workspace] INFO  o.e.m.c.i.embedder.EclipseLogger - Copying 0 resource
2019-08-02 18:30:36,639 [Worker-18: Building workspace] INFO  o.e.m.w.i.f.ResourceFilteringBuildParticipant - Changed resources require a complete clean of filtered resources of EmployeeList
2019-08-02 18:30:36,639 [Worker-18: Building workspace] INFO  o.e.m.w.i.f.ResourceFilteringBuildParticipant - Executing resource filtering for EmployeeList
2019-08-02 18:30:36,650 [Worker-18: Building workspace] WARN  o.e.m.c.i.embedder.EclipseLogger - Using platform encoding (Cp1252 actually) to copy filtered resources, i.e. build is platform dependent!
2019-08-02 18:47:08,570 [Worker-24: Import Getting Started Content] INFO  o.e.m.c.i.e.AbstractTransferListenerAdapter - Downloading https://repo.maven.apache.org/maven2/org/apache/maven/plugins/maven-war-plugin/3.2.3/maven-war-plugin-3.2.3.jar
2019-08-02 18:47:09,154 [Worker-24: Import Getting Started Content] INFO  o.e.m.c.i.e.AbstractTransferListenerAdapter - Downloaded https://repo.maven.apache.org/maven2/org/apache/maven/plugins/maven-war-plugin/3.2.3/maven-war-plugin-3.2.3.jar
2019-08-02 18:47:09,436 [Worker-24: Import Getting Started Content] INFO  o.e.m.c.i.l.LifecycleMappingFactory - Using org.maven.ide.eclipse.wtp.WarLifecycleMapping lifecycle mapping for MavenProject: com.luv2code.saptech:demoemployee:0.0.1-SNAPSHOT @ C:\Demo_Jenkins\demo\pom.xml.
2019-08-02 18:47:10,763 [Worker-24: Import Getting Started Content] INFO  o.e.m.c.i.e.AbstractTransferListenerAdapter - Downloading https://repo.maven.apache.org/maven2/org/springframework/boot/spring-boot-devtools/2.1.6.RELEASE/spring-boot-devtools-2.1.6.RELEASE.pom
2019-08-02 18:47:10,950 [Worker-24: Import Getting Started Content] INFO  o.e.m.c.i.e.AbstractTransferListenerAdapter - Downloaded https://repo.maven.apache.org/maven2/org/springframework/boot/spring-boot-devtools/2.1.6.RELEASE/spring-boot-devtools-2.1.6.RELEASE.pom
2019-08-02 18:47:11,256 [Worker-24: Import Getting Started Content] INFO  o.e.m.c.i.e.AbstractTransferListenerAdapter - Downloading https://repo.maven.apache.org/maven2/org/springframework/boot/spring-boot-devtools/2.1.6.RELEASE/spring-boot-devtools-2.1.6.RELEASE.jar
2019-08-02 18:47:12,039 [Worker-24: Import Getting Started Content] INFO  o.e.m.c.i.e.AbstractTransferListenerAdapter - Downloaded https://repo.maven.apache.org/maven2/org/springframework/boot/spring-boot-devtools/2.1.6.RELEASE/spring-boot-devtools-2.1.6.RELEASE.jar
2019-08-02 18:47:12,847 [Worker-24: Import Getting Started Content] INFO  o.e.m.c.i.e.AbstractTransferListenerAdapter - Downloading https://repo.maven.apache.org/maven2/org/apache/maven/plugins/maven-war-plugin/3.2.3/maven-war-plugin-3.2.3.pom
2019-08-02 18:47:13,023 [Worker-24: Import Getting Started Content] INFO  o.e.m.c.i.e.AbstractTransferListenerAdapter - Downloaded https://repo.maven.apache.org/maven2/org/apache/maven/plugins/maven-war-plugin/3.2.3/maven-war-plugin-3.2.3.pom
2019-08-02 18:47:13,810 [Worker-24: Import Getting Started Content] INFO  o.e.m.j.i.AbstractJavaProjectConfigurator - Adding source folder /demo/src/main/java
2019-08-02 18:47:13,814 [Worker-24: Import Getting Started Content] INFO  o.e.m.j.i.AbstractJavaProjectConfigurator - Adding resource folder /demo/src/main/resources
2019-08-02 18:47:13,826 [Worker-24: Import Getting Started Content] INFO  o.e.m.j.i.AbstractJavaProjectConfigurator - Adding resource folder /demo/src/main/resources
2019-08-02 18:47:13,834 [Worker-24: Import Getting Started Content] INFO  o.e.m.j.i.AbstractJavaProjectConfigurator - Adding source folder /demo/src/test/java
2019-08-02 18:47:15,267 [Worker-24: Import Getting Started Content] INFO  o.e.m.c.i.p.ProjectConfigurationManager - Imported and configured 1 project(s) in 8 sec
2019-08-02 18:47:15,269 [Worker-24: Import Getting Started Content] INFO  o.e.m.c.i.p.ProjectConfigurationManager - Update started
2019-08-02 18:47:15,700 [Worker-24: Import Getting Started Content] INFO  o.e.m.c.i.l.LifecycleMappingFactory - Using org.maven.ide.eclipse.wtp.WarLifecycleMapping lifecycle mapping for MavenProject: com.luv2code.saptech:demoemployee:0.0.1-SNAPSHOT @ C:\Demo_Jenkins\demo\pom.xml.
2019-08-02 18:47:15,854 [Worker-26: Download sources and javadoc] INFO  o.e.m.c.i.e.AbstractTransferListenerAdapter - Downloading https://repo.maven.apache.org/maven2/org/springframework/boot/spring-boot-devtools/2.1.6.RELEASE/spring-boot-devtools-2.1.6.RELEASE-sources.jar
2019-08-02 18:47:16,487 [Worker-26: Download sources and javadoc] INFO  o.e.m.c.i.e.AbstractTransferListenerAdapter - Downloaded https://repo.maven.apache.org/maven2/org/springframework/boot/spring-boot-devtools/2.1.6.RELEASE/spring-boot-devtools-2.1.6.RELEASE-sources.jar
2019-08-02 18:47:16,576 [Worker-26: Download sources and javadoc] INFO  o.e.m.j.internal.DownloadSourcesJob - Downloaded sources for org.springframework.boot:spring-boot-devtools:2.1.6.RELEASE
2019-08-02 18:47:16,729 [Worker-26: Download sources and javadoc] INFO  o.e.m.j.internal.DownloadSourcesJob - Downloaded sources for org.springframework.boot:spring-boot-devtools:2.1.6.RELEASE
2019-08-02 18:47:16,823 [Worker-24: Import Getting Started Content] INFO  o.e.m.j.i.AbstractJavaProjectConfigurator - Adding source folder /demo/src/main/java
2019-08-02 18:47:16,827 [Worker-24: Import Getting Started Content] INFO  o.e.m.j.i.AbstractJavaProjectConfigurator - Adding resource folder /demo/src/main/resources
2019-08-02 18:47:16,827 [Worker-24: Import Getting Started Content] INFO  o.e.m.j.i.AbstractJavaProjectConfigurator - Adding resource folder /demo/src/main/resources
2019-08-02 18:47:16,832 [Worker-24: Import Getting Started Content] INFO  o.e.m.j.i.AbstractJavaProjectConfigurator - Adding source folder /demo/src/test/java
2019-08-02 18:47:17,278 [Worker-24: Import Getting Started Content] INFO  o.e.m.w.i.f.ResourceFilteringBuildParticipant - Cleaning filtered folder for demo
2019-08-02 18:47:17,287 [Worker-24: Import Getting Started Content] INFO  o.e.m.c.i.p.ProjectConfigurationManager - Update completed: 2 sec
2019-08-02 18:47:17,953 [Worker-28: Building workspace] INFO  o.e.m.c.i.embedder.EclipseLogger - Using 'UTF-8' encoding to copy filtered resources.
2019-08-02 18:47:17,953 [Worker-28: Building workspace] INFO  o.e.m.c.i.embedder.EclipseLogger - Copying 1 resource
2019-08-02 18:47:17,964 [Worker-28: Building workspace] INFO  o.e.m.c.i.embedder.EclipseLogger - Copying 0 resource
2019-08-02 18:47:17,971 [Worker-28: Building workspace] INFO  o.e.m.c.i.embedder.EclipseLogger - Using 'UTF-8' encoding to copy filtered resources.
2019-08-02 18:47:17,971 [Worker-28: Building workspace] INFO  o.e.m.c.i.embedder.EclipseLogger - skip non existing resourceDirectory C:\Demo_Jenkins\demo\src\test\resources
2019-08-02 18:47:17,971 [Worker-28: Building workspace] INFO  o.e.m.w.i.f.ResourceFilteringBuildParticipant - Changed resources require a complete clean of filtered resources of demo
2019-08-02 18:47:17,971 [Worker-28: Building workspace] INFO  o.e.m.w.i.f.ResourceFilteringBuildParticipant - Executing resource filtering for demo
2019-08-02 18:47:17,979 [Worker-28: Building workspace] INFO  o.e.m.c.i.embedder.EclipseLogger - Using 'UTF-8' encoding to copy filtered resources.
2019-08-02 18:49:09,634 [Worker-27: Building workspace] INFO  o.e.m.c.i.embedder.EclipseLogger - Using 'UTF-8' encoding to copy filtered resources.
2019-08-02 18:49:09,636 [Worker-27: Building workspace] INFO  o.e.m.c.i.embedder.EclipseLogger - Copying 1 resource
2019-08-02 18:49:09,637 [Worker-27: Building workspace] INFO  o.e.m.c.i.embedder.EclipseLogger - Copying 0 resource
2019-08-02 18:49:09,643 [Worker-27: Building workspace] INFO  o.e.m.c.i.embedder.EclipseLogger - Using 'UTF-8' encoding to copy filtered resources.
2019-08-02 18:49:09,643 [Worker-27: Building workspace] INFO  o.e.m.c.i.embedder.EclipseLogger - skip non existing resourceDirectory C:\Demo_Jenkins\demo\src\test\resources
2019-08-02 18:49:27,218 [Worker-25: Building workspace] INFO  o.e.m.c.i.embedder.EclipseLogger - Using 'UTF-8' encoding to copy filtered resources.
2019-08-02 18:49:27,218 [Worker-25: Building workspace] INFO  o.e.m.c.i.embedder.EclipseLogger - Copying 0 resource
2019-08-02 18:49:27,224 [Worker-25: Building workspace] INFO  o.e.m.c.i.embedder.EclipseLogger - Copying 0 resource
2019-08-02 18:49:27,230 [Worker-25: Building workspace] INFO  o.e.m.c.i.embedder.EclipseLogger - Using 'UTF-8' encoding to copy filtered resources.
2019-08-02 18:49:27,236 [Worker-25: Building workspace] INFO  o.e.m.c.i.embedder.EclipseLogger - skip non existing resourceDirectory C:\Demo_Jenkins\demo\src\test\resources
2019-08-02 18:51:47,440 [Worker-31: Building workspace] INFO  o.e.m.c.i.embedder.EclipseLogger - Using 'UTF-8' encoding to copy filtered resources.
2019-08-02 18:51:47,445 [Worker-31: Building workspace] INFO  o.e.m.c.i.embedder.EclipseLogger - Copying 1 resource
2019-08-02 18:51:47,451 [Worker-31: Building workspace] INFO  o.e.m.c.i.embedder.EclipseLogger - Copying 0 resource
2019-08-02 18:51:47,456 [Worker-31: Building workspace] INFO  o.e.m.c.i.embedder.EclipseLogger - Using 'UTF-8' encoding to copy filtered resources.
2019-08-02 18:51:47,456 [Worker-31: Building workspace] INFO  o.e.m.c.i.embedder.EclipseLogger - skip non existing resourceDirectory C:\Demo_Jenkins\demo\src\test\resources
2019-08-02 18:52:21,069 [Worker-27: Building workspace] INFO  o.e.m.c.i.embedder.EclipseLogger - Using 'UTF-8' encoding to copy filtered resources.
2019-08-02 18:52:21,070 [Worker-27: Building workspace] INFO  o.e.m.c.i.embedder.EclipseLogger - Copying 1 resource
2019-08-02 18:52:21,071 [Worker-27: Building workspace] INFO  o.e.m.c.i.embedder.EclipseLogger - Copying 0 resource
2019-08-02 18:52:21,073 [Worker-27: Building workspace] INFO  o.e.m.c.i.embedder.EclipseLogger - Using 'UTF-8' encoding to copy filtered resources.
2019-08-02 18:52:21,077 [Worker-27: Building workspace] INFO  o.e.m.c.i.embedder.EclipseLogger - skip non existing resourceDirectory C:\Demo_Jenkins\demo\src\test\resources
2019-08-02 18:55:04,803 [Worker-31: Building workspace] INFO  o.e.m.c.i.embedder.EclipseLogger - Using 'UTF-8' encoding to copy filtered resources.
2019-08-02 18:55:04,808 [Worker-31: Building workspace] INFO  o.e.m.c.i.embedder.EclipseLogger - Copying 1 resource
2019-08-02 18:55:04,813 [Worker-31: Building workspace] INFO  o.e.m.c.i.embedder.EclipseLogger - Copying 0 resource
2019-08-02 18:55:04,820 [Worker-31: Building workspace] INFO  o.e.m.c.i.embedder.EclipseLogger - Using 'UTF-8' encoding to copy filtered resources.
2019-08-02 18:55:04,820 [Worker-31: Building workspace] INFO  o.e.m.c.i.embedder.EclipseLogger - skip non existing resourceDirectory C:\Demo_Jenkins\demo\src\test\resources
2019-08-02 18:55:50,820 [Worker-31: Building workspace] INFO  o.e.m.c.i.embedder.EclipseLogger - Using 'UTF-8' encoding to copy filtered resources.
2019-08-02 18:55:50,820 [Worker-31: Building workspace] INFO  o.e.m.c.i.embedder.EclipseLogger - Copying 1 resource
2019-08-02 18:55:50,826 [Worker-31: Building workspace] INFO  o.e.m.c.i.embedder.EclipseLogger - Copying 0 resource
2019-08-02 18:55:50,852 [Worker-31: Building workspace] INFO  o.e.m.c.i.embedder.EclipseLogger - Using 'UTF-8' encoding to copy filtered resources.
2019-08-02 18:55:50,856 [Worker-31: Building workspace] INFO  o.e.m.c.i.embedder.EclipseLogger - skip non existing resourceDirectory C:\Demo_Jenkins\demo\src\test\resources
2019-08-02 18:56:30,896 [Worker-28: Building Workspace] INFO  o.e.m.c.i.embedder.EclipseLogger - Using 'UTF-8' encoding to copy filtered resources.
2019-08-02 18:56:30,902 [Worker-28: Building Workspace] INFO  o.e.m.c.i.embedder.EclipseLogger - Copying 1 resource
2019-08-02 18:56:30,907 [Worker-28: Building Workspace] INFO  o.e.m.c.i.embedder.EclipseLogger - Copying 0 resource
2019-08-02 18:56:30,912 [Worker-28: Building Workspace] INFO  o.e.m.c.i.embedder.EclipseLogger - Using 'UTF-8' encoding to copy filtered resources.
2019-08-02 18:56:30,912 [Worker-28: Building Workspace] INFO  o.e.m.c.i.embedder.EclipseLogger - skip non existing resourceDirectory C:\Demo_Jenkins\demo\src\test\resources
2019-08-02 18:58:13,291 [Worker-33: Building workspace] INFO  o.e.m.c.i.embedder.EclipseLogger - Using 'UTF-8' encoding to copy filtered resources.
2019-08-02 18:58:13,292 [Worker-33: Building workspace] INFO  o.e.m.c.i.embedder.EclipseLogger - Copying 1 resource
2019-08-02 18:58:13,293 [Worker-33: Building workspace] INFO  o.e.m.c.i.embedder.EclipseLogger - Copying 0 resource
2019-08-02 18:58:13,295 [Worker-33: Building workspace] INFO  o.e.m.c.i.embedder.EclipseLogger - Using 'UTF-8' encoding to copy filtered resources.
2019-08-02 18:58:13,295 [Worker-33: Building workspace] INFO  o.e.m.c.i.embedder.EclipseLogger - skip non existing resourceDirectory C:\Demo_Jenkins\demo\src\test\resources
2019-08-02 18:58:23,889 [Worker-25: Building workspace] INFO  o.e.m.c.i.embedder.EclipseLogger - Using 'UTF-8' encoding to copy filtered resources.
2019-08-02 18:58:23,890 [Worker-25: Building workspace] INFO  o.e.m.c.i.embedder.EclipseLogger - Copying 1 resource
2019-08-02 18:58:23,892 [Worker-25: Building workspace] INFO  o.e.m.c.i.embedder.EclipseLogger - Copying 0 resource
2019-08-02 18:58:23,900 [Worker-25: Building workspace] INFO  o.e.m.c.i.embedder.EclipseLogger - Using 'UTF-8' encoding to copy filtered resources.
2019-08-02 18:58:23,900 [Worker-25: Building workspace] INFO  o.e.m.c.i.embedder.EclipseLogger - skip non existing resourceDirectory C:\Demo_Jenkins\demo\src\test\resources
2019-08-02 18:58:31,595 [Worker-28: Building workspace] INFO  o.e.m.c.i.embedder.EclipseLogger - Using 'UTF-8' encoding to copy filtered resources.
2019-08-02 18:58:31,596 [Worker-28: Building workspace] INFO  o.e.m.c.i.embedder.EclipseLogger - Copying 1 resource
2019-08-02 18:58:31,601 [Worker-28: Building workspace] INFO  o.e.m.c.i.embedder.EclipseLogger - Copying 0 resource
2019-08-02 18:58:31,607 [Worker-28: Building workspace] INFO  o.e.m.c.i.embedder.EclipseLogger - Using 'UTF-8' encoding to copy filtered resources.
2019-08-02 18:58:31,611 [Worker-28: Building workspace] INFO  o.e.m.c.i.embedder.EclipseLogger - skip non existing resourceDirectory C:\Demo_Jenkins\demo\src\test\resources
2019-08-02 18:59:11,781 [Worker-28: Building workspace] INFO  o.e.m.c.i.embedder.EclipseLogger - Using 'UTF-8' encoding to copy filtered resources.
2019-08-02 18:59:11,787 [Worker-28: Building workspace] INFO  o.e.m.c.i.embedder.EclipseLogger - Copying 0 resource
2019-08-02 18:59:11,791 [Worker-28: Building workspace] INFO  o.e.m.c.i.embedder.EclipseLogger - Copying 1 resource
2019-08-02 18:59:11,801 [Worker-28: Building workspace] INFO  o.e.m.c.i.embedder.EclipseLogger - Using 'UTF-8' encoding to copy filtered resources.
2019-08-02 18:59:11,802 [Worker-28: Building workspace] INFO  o.e.m.c.i.embedder.EclipseLogger - skip non existing resourceDirectory C:\Demo_Jenkins\demo\src\test\resources
2019-08-02 18:59:33,319 [Worker-25: Building workspace] INFO  o.e.m.c.i.embedder.EclipseLogger - Using 'UTF-8' encoding to copy filtered resources.
2019-08-02 18:59:33,320 [Worker-25: Building workspace] INFO  o.e.m.c.i.embedder.EclipseLogger - Copying 0 resource
2019-08-02 18:59:33,320 [Worker-25: Building workspace] INFO  o.e.m.c.i.embedder.EclipseLogger - Copying 2 resources
2019-08-02 18:59:33,329 [Worker-25: Building workspace] INFO  o.e.m.c.i.embedder.EclipseLogger - Using 'UTF-8' encoding to copy filtered resources.
2019-08-02 18:59:33,334 [Worker-25: Building workspace] INFO  o.e.m.c.i.embedder.EclipseLogger - skip non existing resourceDirectory C:\Demo_Jenkins\demo\src\test\resources
2019-08-02 18:59:56,039 [Worker-31: Building workspace] INFO  o.e.m.c.i.embedder.EclipseLogger - Using 'UTF-8' encoding to copy filtered resources.
2019-08-02 18:59:56,043 [Worker-31: Building workspace] INFO  o.e.m.c.i.embedder.EclipseLogger - Copying 1 resource
2019-08-02 18:59:56,048 [Worker-31: Building workspace] INFO  o.e.m.c.i.embedder.EclipseLogger - Copying 0 resource
2019-08-02 18:59:56,053 [Worker-31: Building workspace] INFO  o.e.m.c.i.embedder.EclipseLogger - Using 'UTF-8' encoding to copy filtered resources.
2019-08-02 18:59:56,053 [Worker-31: Building workspace] INFO  o.e.m.c.i.embedder.EclipseLogger - skip non existing resourceDirectory C:\Demo_Jenkins\demo\src\test\resources
2019-08-02 19:00:15,130 [Worker-31: Updating Maven Project] INFO  o.e.m.c.i.p.ProjectConfigurationManager - Update started
2019-08-02 19:00:15,427 [Worker-31: Updating Maven Project] INFO  o.e.m.c.i.l.LifecycleMappingFactory - Using org.maven.ide.eclipse.wtp.WarLifecycleMapping lifecycle mapping for MavenProject: com.luv2code.saptech:demoemployee:0.0.1-SNAPSHOT @ C:\Demo_Jenkins\demo\pom.xml.
2019-08-02 19:00:16,111 [Worker-31: Updating Maven Project] INFO  o.e.m.j.i.AbstractJavaProjectConfigurator - Adding source folder /demo/src/main/java
2019-08-02 19:00:16,116 [Worker-31: Updating Maven Project] INFO  o.e.m.j.i.AbstractJavaProjectConfigurator - Adding resource folder /demo/src/main/resources
2019-08-02 19:00:16,120 [Worker-31: Updating Maven Project] INFO  o.e.m.j.i.AbstractJavaProjectConfigurator - Adding resource folder /demo/src/main/resources
2019-08-02 19:00:16,121 [Worker-31: Updating Maven Project] INFO  o.e.m.j.i.AbstractJavaProjectConfigurator - Adding source folder /demo/src/test/java
2019-08-02 19:00:16,331 [Worker-31: Updating Maven Project] INFO  o.e.m.w.i.f.ResourceFilteringBuildParticipant - Cleaning filtered folder for demo
2019-08-02 19:00:16,335 [Worker-31: Updating Maven Project] INFO  o.e.m.c.i.p.ProjectConfigurationManager - Update completed: 1 sec
2019-08-02 19:00:16,776 [Worker-25: Building workspace] INFO  o.e.m.c.i.embedder.EclipseLogger - Using 'UTF-8' encoding to copy filtered resources.
2019-08-02 19:00:16,776 [Worker-25: Building workspace] INFO  o.e.m.c.i.embedder.EclipseLogger - Copying 1 resource
2019-08-02 19:00:16,788 [Worker-25: Building workspace] INFO  o.e.m.c.i.embedder.EclipseLogger - Copying 3 resources
2019-08-02 19:00:16,796 [Worker-25: Building workspace] INFO  o.e.m.c.i.embedder.EclipseLogger - Using 'UTF-8' encoding to copy filtered resources.
2019-08-02 19:00:16,796 [Worker-25: Building workspace] INFO  o.e.m.c.i.embedder.EclipseLogger - skip non existing resourceDirectory C:\Demo_Jenkins\demo\src\test\resources
2019-08-02 19:00:16,797 [Worker-25: Building workspace] INFO  o.e.m.w.i.f.ResourceFilteringBuildParticipant - Changed resources require a complete clean of filtered resources of demo
2019-08-02 19:00:16,800 [Worker-25: Building workspace] INFO  o.e.m.w.i.f.ResourceFilteringBuildParticipant - Executing resource filtering for demo
2019-08-02 19:00:16,804 [Worker-25: Building workspace] INFO  o.e.m.c.i.embedder.EclipseLogger - Using 'UTF-8' encoding to copy filtered resources.
2019-08-02 19:08:57,738 [Worker-27: Launching Executing clean in C__Demo_Jenkins_demo] INFO  o.e.m.i.launch.MavenLaunchDelegate - C:\Demo_Jenkins\demo
2019-08-02 19:08:57,738 [Worker-27: Launching Executing clean in C__Demo_Jenkins_demo] INFO  o.e.m.i.launch.MavenLaunchDelegate -  mvn -Ppom.xml -B clean
2019-08-02 19:08:59,965 [Worker-39: Building workspace] INFO  o.e.m.c.i.embedder.EclipseLogger - Using 'UTF-8' encoding to copy filtered resources.
2019-08-02 19:08:59,966 [Worker-39: Building workspace] INFO  o.e.m.c.i.embedder.EclipseLogger - Copying 1 resource
2019-08-02 19:08:59,972 [Worker-39: Building workspace] INFO  o.e.m.c.i.embedder.EclipseLogger - Copying 3 resources
2019-08-02 19:08:59,982 [Worker-39: Building workspace] INFO  o.e.m.c.i.embedder.EclipseLogger - Using 'UTF-8' encoding to copy filtered resources.
2019-08-02 19:08:59,986 [Worker-39: Building workspace] INFO  o.e.m.c.i.embedder.EclipseLogger - skip non existing resourceDirectory C:\Demo_Jenkins\demo\src\test\resources
2019-08-02 19:08:59,986 [Worker-39: Building workspace] INFO  o.e.m.w.i.f.ResourceFilteringBuildParticipant - Changed resources require a complete clean of filtered resources of demo
2019-08-02 19:08:59,986 [Worker-39: Building workspace] INFO  o.e.m.w.i.f.ResourceFilteringBuildParticipant - Executing resource filtering for demo
2019-08-02 19:08:59,988 [Worker-39: Building workspace] INFO  o.e.m.c.i.embedder.EclipseLogger - Using 'UTF-8' encoding to copy filtered resources.
2019-08-02 19:09:08,628 [main] INFO  o.e.m2e.actions.ExecutePomAction - Creating new launch configuration
2019-08-02 19:09:21,881 [Worker-36: Launching demo] INFO  o.e.m.i.launch.MavenLaunchDelegate - C:\Demo_Jenkins\demo
2019-08-02 19:09:21,881 [Worker-36: Launching demo] INFO  o.e.m.i.launch.MavenLaunchDelegate -  mvn -Ppom.xml -B clean
2019-08-02 19:09:22,018 [Worker-40: Building workspace] INFO  o.e.m.c.i.embedder.EclipseLogger - Using 'UTF-8' encoding to copy filtered resources.
2019-08-02 19:09:22,019 [Worker-40: Building workspace] INFO  o.e.m.c.i.embedder.EclipseLogger - Copying 1 resource
2019-08-02 19:09:22,022 [Worker-40: Building workspace] INFO  o.e.m.c.i.embedder.EclipseLogger - Copying 3 resources
2019-08-02 19:09:22,023 [Worker-40: Building workspace] INFO  o.e.m.c.i.embedder.EclipseLogger - Using 'UTF-8' encoding to copy filtered resources.
2019-08-02 19:09:22,024 [Worker-40: Building workspace] INFO  o.e.m.c.i.embedder.EclipseLogger - skip non existing resourceDirectory C:\Demo_Jenkins\demo\src\test\resources
2019-08-02 19:10:03,251 [Worker-40: Updating Maven Project] INFO  o.e.m.c.i.p.ProjectConfigurationManager - Update started
2019-08-02 19:10:03,605 [Worker-40: Updating Maven Project] INFO  o.e.m.c.i.l.LifecycleMappingFactory - Using org.maven.ide.eclipse.wtp.WarLifecycleMapping lifecycle mapping for MavenProject: com.luv2code.saptech:demoemployee:0.0.1-SNAPSHOT @ C:\Demo_Jenkins\demo\pom.xml.
2019-08-02 19:10:04,331 [Worker-40: Updating Maven Project] INFO  o.e.m.j.i.AbstractJavaProjectConfigurator - Adding source folder /demo/src/main/java
2019-08-02 19:10:04,336 [Worker-40: Updating Maven Project] INFO  o.e.m.j.i.AbstractJavaProjectConfigurator - Adding resource folder /demo/src/main/resources
2019-08-02 19:10:04,340 [Worker-40: Updating Maven Project] INFO  o.e.m.j.i.AbstractJavaProjectConfigurator - Adding resource folder /demo/src/main/resources
2019-08-02 19:10:04,340 [Worker-40: Updating Maven Project] INFO  o.e.m.j.i.AbstractJavaProjectConfigurator - Adding source folder /demo/src/test/java
2019-08-02 19:10:04,653 [Worker-40: Updating Maven Project] INFO  o.e.m.w.i.f.ResourceFilteringBuildParticipant - Cleaning filtered folder for demo
2019-08-02 19:10:04,685 [Worker-40: Updating Maven Project] INFO  o.e.m.c.i.p.ProjectConfigurationManager - Update completed: 1 sec
2019-08-02 19:10:05,224 [Worker-39: Building workspace] INFO  o.e.m.c.i.embedder.EclipseLogger - Using 'UTF-8' encoding to copy filtered resources.
2019-08-02 19:10:05,225 [Worker-39: Building workspace] INFO  o.e.m.c.i.embedder.EclipseLogger - Copying 1 resource
2019-08-02 19:10:05,235 [Worker-39: Building workspace] INFO  o.e.m.c.i.embedder.EclipseLogger - Copying 3 resources
2019-08-02 19:10:05,242 [Worker-39: Building workspace] INFO  o.e.m.c.i.embedder.EclipseLogger - Using 'UTF-8' encoding to copy filtered resources.
2019-08-02 19:10:05,246 [Worker-39: Building workspace] INFO  o.e.m.c.i.embedder.EclipseLogger - skip non existing resourceDirectory C:\Demo_Jenkins\demo\src\test\resources
2019-08-02 19:10:05,246 [Worker-39: Building workspace] INFO  o.e.m.w.i.f.ResourceFilteringBuildParticipant - Changed resources require a complete clean of filtered resources of demo
2019-08-02 19:10:05,246 [Worker-39: Building workspace] INFO  o.e.m.w.i.f.ResourceFilteringBuildParticipant - Executing resource filtering for demo
2019-08-02 19:10:05,249 [Worker-39: Building workspace] INFO  o.e.m.c.i.embedder.EclipseLogger - Using 'UTF-8' encoding to copy filtered resources.
2019-08-02 19:11:01,907 [main] INFO  o.e.m2e.actions.ExecutePomAction - Creating new launch configuration
2019-08-02 19:11:21,443 [Worker-38: Launching demo (1)] INFO  o.e.m.i.launch.MavenLaunchDelegate - C:\Demo_Jenkins\demo
2019-08-02 19:11:21,443 [Worker-38: Launching demo (1)] INFO  o.e.m.i.launch.MavenLaunchDelegate -  mvn -Ppom.xml -B install
2019-08-02 19:11:56,940 [main] INFO  o.e.m2e.actions.ExecutePomAction - Creating new launch configuration
2019-08-02 19:12:04,211 [Worker-28: Launching demo (2)] INFO  o.e.m.i.launch.MavenLaunchDelegate - C:\Demo_Jenkins\demo
2019-08-02 19:12:04,211 [Worker-28: Launching demo (2)] INFO  o.e.m.i.launch.MavenLaunchDelegate -  mvn -Ppom.xml -B compile
2019-08-02 19:12:54,593 [main] INFO  o.e.m2e.actions.ExecutePomAction - Creating new launch configuration
2019-08-02 19:13:00,030 [Worker-43: Launching demo (3)] INFO  o.e.m.i.launch.MavenLaunchDelegate - C:\Demo_Jenkins\demo
2019-08-02 19:13:00,034 [Worker-43: Launching demo (3)] INFO  o.e.m.i.launch.MavenLaunchDelegate -  mvn -Ppom.xml -B verify
2019-08-02 19:17:09,427 [Worker-42: Building workspace] INFO  o.e.m.c.i.embedder.EclipseLogger - Using 'UTF-8' encoding to copy filtered resources.
2019-08-02 19:17:09,434 [Worker-42: Building workspace] INFO  o.e.m.c.i.embedder.EclipseLogger - Copying 1 resource
2019-08-02 19:17:09,441 [Worker-42: Building workspace] INFO  o.e.m.c.i.embedder.EclipseLogger - Copying 3 resources
2019-08-02 19:17:09,446 [Worker-42: Building workspace] INFO  o.e.m.c.i.embedder.EclipseLogger - Using 'UTF-8' encoding to copy filtered resources.
2019-08-02 19:17:09,446 [Worker-42: Building workspace] INFO  o.e.m.c.i.embedder.EclipseLogger - skip non existing resourceDirectory C:\Demo_Jenkins\demo\src\test\resources
2019-08-02 19:18:13,612 [Worker-27: Updating Maven Project] INFO  o.e.m.c.i.p.ProjectConfigurationManager - Update started
2019-08-02 19:18:13,937 [Worker-27: Updating Maven Project] INFO  o.e.m.c.i.l.LifecycleMappingFactory - Using org.maven.ide.eclipse.wtp.WarLifecycleMapping lifecycle mapping for MavenProject: com.luv2code.saptech:demoemployee:0.0.1-SNAPSHOT @ C:\Demo_Jenkins\demo\pom.xml.
2019-08-02 19:18:14,583 [Worker-27: Updating Maven Project] INFO  o.e.m.j.i.AbstractJavaProjectConfigurator - Adding source folder /demo/src/main/java
2019-08-02 19:18:14,587 [Worker-27: Updating Maven Project] INFO  o.e.m.j.i.AbstractJavaProjectConfigurator - Adding resource folder /demo/src/main/resources
2019-08-02 19:18:14,592 [Worker-27: Updating Maven Project] INFO  o.e.m.j.i.AbstractJavaProjectConfigurator - Adding resource folder /demo/src/main/resources
2019-08-02 19:18:14,592 [Worker-27: Updating Maven Project] INFO  o.e.m.j.i.AbstractJavaProjectConfigurator - Adding source folder /demo/src/test/java
2019-08-02 19:18:14,807 [Worker-27: Updating Maven Project] INFO  o.e.m.w.i.f.ResourceFilteringBuildParticipant - Cleaning filtered folder for demo
2019-08-02 19:18:14,810 [Worker-27: Updating Maven Project] INFO  o.e.m.c.i.p.ProjectConfigurationManager - Update completed: 1 sec
2019-08-02 19:18:15,356 [Worker-27: Building workspace] INFO  o.e.m.c.i.embedder.EclipseLogger - Using 'UTF-8' encoding to copy filtered resources.
2019-08-02 19:18:15,357 [Worker-27: Building workspace] INFO  o.e.m.c.i.embedder.EclipseLogger - Copying 1 resource
2019-08-02 19:18:15,374 [Worker-27: Building workspace] INFO  o.e.m.c.i.embedder.EclipseLogger - Copying 3 resources
2019-08-02 19:18:15,382 [Worker-27: Building workspace] INFO  o.e.m.c.i.embedder.EclipseLogger - Using 'UTF-8' encoding to copy filtered resources.
2019-08-02 19:18:15,382 [Worker-27: Building workspace] INFO  o.e.m.c.i.embedder.EclipseLogger - skip non existing resourceDirectory C:\Demo_Jenkins\demo\src\test\resources
2019-08-02 19:18:15,382 [Worker-27: Building workspace] INFO  o.e.m.w.i.f.ResourceFilteringBuildParticipant - Changed resources require a complete clean of filtered resources of demo
2019-08-02 19:18:15,386 [Worker-27: Building workspace] INFO  o.e.m.w.i.f.ResourceFilteringBuildParticipant - Executing resource filtering for demo
2019-08-02 19:18:15,389 [Worker-27: Building workspace] INFO  o.e.m.c.i.embedder.EclipseLogger - Using 'UTF-8' encoding to copy filtered resources.
2019-08-02 19:18:36,632 [main] INFO  o.e.m2e.actions.ExecutePomAction - Creating new launch configuration
2019-08-02 19:18:43,309 [Worker-41: Launching demo (4)] INFO  o.e.m.i.launch.MavenLaunchDelegate - C:\Demo_Jenkins\demo
2019-08-02 19:18:43,314 [Worker-41: Launching demo (4)] INFO  o.e.m.i.launch.MavenLaunchDelegate -  mvn -Ppom.xml -B compile
2019-08-02 19:19:00,287 [main] INFO  o.e.m2e.actions.ExecutePomAction - Creating new launch configuration
2019-08-02 19:19:06,088 [Worker-39: Launching demo (5)] INFO  o.e.m.i.launch.MavenLaunchDelegate - C:\Demo_Jenkins\demo
2019-08-02 19:19:06,093 [Worker-39: Launching demo (5)] INFO  o.e.m.i.launch.MavenLaunchDelegate -  mvn -Ppom.xml -B install
2019-08-02 19:23:24,157 [Worker-46: Updating Maven Project] INFO  o.e.m.c.i.p.ProjectConfigurationManager - Update started
2019-08-02 19:23:24,170 [Worker-46: Updating Maven Project] INFO  o.e.m.c.i.p.ProjectConfigurationManager - Update completed: 0 sec
2019-08-02 19:24:19,204 [Worker-39: Updating Maven Project] INFO  o.e.m.c.i.p.ProjectConfigurationManager - Update started
2019-08-02 19:24:19,220 [Worker-39: Updating Maven Project] INFO  o.e.m.c.i.p.ProjectConfigurationManager - Update completed: 0 sec
2019-08-02 19:26:13,289 [Worker-46: Import Getting Started Content] INFO  o.e.m.c.i.l.LifecycleMappingFactory - Using org.maven.ide.eclipse.wtp.WarLifecycleMapping lifecycle mapping for MavenProject: com.luv2code.saptech:demoemployee:0.0.1-SNAPSHOT @ C:\Demo_Jenkins\EmployeeList\pom.xml.
2019-08-02 19:26:13,959 [Worker-46: Import Getting Started Content] INFO  o.e.m.j.i.AbstractJavaProjectConfigurator - Adding source folder /EmployeeList/src/main/java
2019-08-02 19:26:13,963 [Worker-46: Import Getting Started Content] INFO  o.e.m.j.i.AbstractJavaProjectConfigurator - Adding resource folder /EmployeeList/src/main/resources
2019-08-02 19:26:13,974 [Worker-46: Import Getting Started Content] INFO  o.e.m.j.i.AbstractJavaProjectConfigurator - Adding resource folder /EmployeeList/src/main/resources
2019-08-02 19:26:13,985 [Worker-46: Import Getting Started Content] INFO  o.e.m.j.i.AbstractJavaProjectConfigurator - Adding source folder /EmployeeList/src/test/java
2019-08-02 19:26:14,569 [Worker-46: Import Getting Started Content] INFO  o.e.m.c.i.p.ProjectConfigurationManager - Imported and configured 1 project(s) in 1 sec
2019-08-02 19:26:14,570 [Worker-46: Import Getting Started Content] INFO  o.e.m.c.i.p.ProjectConfigurationManager - Update started
2019-08-02 19:26:14,976 [Worker-46: Import Getting Started Content] INFO  o.e.m.c.i.l.LifecycleMappingFactory - Using org.maven.ide.eclipse.wtp.WarLifecycleMapping lifecycle mapping for MavenProject: com.luv2code.saptech:demoemployee:0.0.1-SNAPSHOT @ C:\Demo_Jenkins\EmployeeList\pom.xml.
2019-08-02 19:26:15,953 [Worker-46: Import Getting Started Content] INFO  o.e.m.j.i.AbstractJavaProjectConfigurator - Adding source folder /EmployeeList/src/main/java
2019-08-02 19:26:15,958 [Worker-46: Import Getting Started Content] INFO  o.e.m.j.i.AbstractJavaProjectConfigurator - Adding resource folder /EmployeeList/src/main/resources
2019-08-02 19:26:15,962 [Worker-46: Import Getting Started Content] INFO  o.e.m.j.i.AbstractJavaProjectConfigurator - Adding resource folder /EmployeeList/src/main/resources
2019-08-02 19:26:15,963 [Worker-46: Import Getting Started Content] INFO  o.e.m.j.i.AbstractJavaProjectConfigurator - Adding source folder /EmployeeList/src/test/java
2019-08-02 19:26:16,373 [Worker-46: Import Getting Started Content] INFO  o.e.m.w.i.f.ResourceFilteringBuildParticipant - Cleaning filtered folder for EmployeeList
2019-08-02 19:26:16,376 [Worker-46: Import Getting Started Content] INFO  o.e.m.c.i.p.ProjectConfigurationManager - Update completed: 1 sec
2019-08-02 19:26:17,053 [Worker-48: Building workspace] INFO  o.e.m.c.i.embedder.EclipseLogger - Using 'UTF-8' encoding to copy filtered resources.
2019-08-02 19:26:17,054 [Worker-48: Building workspace] INFO  o.e.m.c.i.embedder.EclipseLogger - Copying 1 resource
2019-08-02 19:26:17,070 [Worker-48: Building workspace] INFO  o.e.m.c.i.embedder.EclipseLogger - Copying 0 resource
2019-08-02 19:26:17,075 [Worker-48: Building workspace] INFO  o.e.m.c.i.embedder.EclipseLogger - Using 'UTF-8' encoding to copy filtered resources.
2019-08-02 19:26:17,082 [Worker-48: Building workspace] INFO  o.e.m.c.i.embedder.EclipseLogger - skip non existing resourceDirectory C:\Demo_Jenkins\EmployeeList\src\test\resources
2019-08-02 19:26:17,082 [Worker-48: Building workspace] INFO  o.e.m.w.i.f.ResourceFilteringBuildParticipant - Changed resources require a complete clean of filtered resources of EmployeeList
2019-08-02 19:26:17,086 [Worker-48: Building workspace] INFO  o.e.m.w.i.f.ResourceFilteringBuildParticipant - Executing resource filtering for EmployeeList
2019-08-02 19:26:17,089 [Worker-48: Building workspace] INFO  o.e.m.c.i.embedder.EclipseLogger - Using 'UTF-8' encoding to copy filtered resources.
2019-08-02 19:27:08,158 [Worker-40: Building workspace] INFO  o.e.m.c.i.embedder.EclipseLogger - Using 'UTF-8' encoding to copy filtered resources.
2019-08-02 19:27:08,159 [Worker-40: Building workspace] INFO  o.e.m.c.i.embedder.EclipseLogger - Copying 1 resource
2019-08-02 19:27:08,164 [Worker-40: Building workspace] INFO  o.e.m.c.i.embedder.EclipseLogger - Copying 0 resource
2019-08-02 19:27:08,165 [Worker-40: Building workspace] INFO  o.e.m.c.i.embedder.EclipseLogger - Using 'UTF-8' encoding to copy filtered resources.
2019-08-02 19:27:08,169 [Worker-40: Building workspace] INFO  o.e.m.c.i.embedder.EclipseLogger - skip non existing resourceDirectory C:\Demo_Jenkins\EmployeeList\src\test\resources
2019-08-02 19:28:52,370 [Worker-39: Building workspace] INFO  o.e.m.c.i.embedder.EclipseLogger - Using 'UTF-8' encoding to copy filtered resources.
2019-08-02 19:28:52,376 [Worker-39: Building workspace] INFO  o.e.m.c.i.embedder.EclipseLogger - Copying 1 resource
2019-08-02 19:28:52,381 [Worker-39: Building workspace] INFO  o.e.m.c.i.embedder.EclipseLogger - Copying 0 resource
2019-08-02 19:28:52,387 [Worker-39: Building workspace] INFO  o.e.m.c.i.embedder.EclipseLogger - Using 'UTF-8' encoding to copy filtered resources.
2019-08-02 19:28:52,387 [Worker-39: Building workspace] INFO  o.e.m.c.i.embedder.EclipseLogger - skip non existing resourceDirectory C:\Demo_Jenkins\EmployeeList\src\test\resources
2019-08-02 19:29:35,628 [Worker-40: Building workspace] INFO  o.e.m.c.i.embedder.EclipseLogger - Using 'UTF-8' encoding to copy filtered resources.
2019-08-02 19:29:35,629 [Worker-40: Building workspace] INFO  o.e.m.c.i.embedder.EclipseLogger - Copying 1 resource
2019-08-02 19:29:35,630 [Worker-40: Building workspace] INFO  o.e.m.c.i.embedder.EclipseLogger - Copying 0 resource
2019-08-02 19:29:35,631 [Worker-40: Building workspace] INFO  o.e.m.c.i.embedder.EclipseLogger - Using 'UTF-8' encoding to copy filtered resources.
2019-08-02 19:29:35,631 [Worker-40: Building workspace] INFO  o.e.m.c.i.embedder.EclipseLogger - skip non existing resourceDirectory C:\Demo_Jenkins\EmployeeList\src\test\resources
2019-08-02 19:30:15,778 [Worker-46: Building workspace] INFO  o.e.m.c.i.embedder.EclipseLogger - Using 'UTF-8' encoding to copy filtered resources.
2019-08-02 19:30:15,779 [Worker-46: Building workspace] INFO  o.e.m.c.i.embedder.EclipseLogger - Copying 0 resource
2019-08-02 19:30:15,779 [Worker-46: Building workspace] INFO  o.e.m.c.i.embedder.EclipseLogger - Copying 1 resource
2019-08-02 19:30:15,787 [Worker-46: Building workspace] INFO  o.e.m.c.i.embedder.EclipseLogger - Using 'UTF-8' encoding to copy filtered resources.
2019-08-02 19:30:15,787 [Worker-46: Building workspace] INFO  o.e.m.c.i.embedder.EclipseLogger - skip non existing resourceDirectory C:\Demo_Jenkins\EmployeeList\src\test\resources
2019-08-02 19:30:33,443 [Worker-42: Building workspace] INFO  o.e.m.c.i.embedder.EclipseLogger - Using 'UTF-8' encoding to copy filtered resources.
2019-08-02 19:30:33,443 [Worker-42: Building workspace] INFO  o.e.m.c.i.embedder.EclipseLogger - Copying 0 resource
2019-08-02 19:30:33,447 [Worker-42: Building workspace] INFO  o.e.m.c.i.embedder.EclipseLogger - Copying 2 resources
2019-08-02 19:30:33,456 [Worker-42: Building workspace] INFO  o.e.m.c.i.embedder.EclipseLogger - Using 'UTF-8' encoding to copy filtered resources.
2019-08-02 19:30:33,460 [Worker-42: Building workspace] INFO  o.e.m.c.i.embedder.EclipseLogger - skip non existing resourceDirectory C:\Demo_Jenkins\EmployeeList\src\test\resources
2019-08-02 19:30:49,254 [Worker-47: Building workspace] INFO  o.e.m.c.i.embedder.EclipseLogger - Using 'UTF-8' encoding to copy filtered resources.
2019-08-02 19:30:49,260 [Worker-47: Building workspace] INFO  o.e.m.c.i.embedder.EclipseLogger - Copying 1 resource
2019-08-02 19:30:49,266 [Worker-47: Building workspace] INFO  o.e.m.c.i.embedder.EclipseLogger - Copying 0 resource
2019-08-02 19:30:49,272 [Worker-47: Building workspace] INFO  o.e.m.c.i.embedder.EclipseLogger - Using 'UTF-8' encoding to copy filtered resources.
2019-08-02 19:30:49,272 [Worker-47: Building workspace] INFO  o.e.m.c.i.embedder.EclipseLogger - skip non existing resourceDirectory C:\Demo_Jenkins\EmployeeList\src\test\resources
2019-08-02 19:31:43,070 [Worker-48: Updating Maven Project] INFO  o.e.m.c.i.p.ProjectConfigurationManager - Update started
2019-08-02 19:31:43,352 [Worker-48: Updating Maven Project] INFO  o.e.m.c.i.l.LifecycleMappingFactory - Using org.maven.ide.eclipse.wtp.WarLifecycleMapping lifecycle mapping for MavenProject: com.luv2code.saptech:demoemployee:0.0.1-SNAPSHOT @ C:\Demo_Jenkins\EmployeeList\pom.xml.
2019-08-02 19:31:43,928 [Worker-48: Updating Maven Project] INFO  o.e.m.j.i.AbstractJavaProjectConfigurator - Adding source folder /EmployeeList/src/main/java
2019-08-02 19:31:43,928 [Worker-48: Updating Maven Project] INFO  o.e.m.j.i.AbstractJavaProjectConfigurator - Adding resource folder /EmployeeList/src/main/resources
2019-08-02 19:31:43,932 [Worker-48: Updating Maven Project] INFO  o.e.m.j.i.AbstractJavaProjectConfigurator - Adding resource folder /EmployeeList/src/main/resources
2019-08-02 19:31:43,932 [Worker-48: Updating Maven Project] INFO  o.e.m.j.i.AbstractJavaProjectConfigurator - Adding source folder /EmployeeList/src/test/java
2019-08-02 19:31:44,265 [Worker-48: Updating Maven Project] INFO  o.e.m.w.i.f.ResourceFilteringBuildParticipant - Cleaning filtered folder for EmployeeList
2019-08-02 19:31:44,268 [Worker-48: Updating Maven Project] INFO  o.e.m.c.i.p.ProjectConfigurationManager - Update completed: 1 sec
2019-08-02 19:31:44,701 [Worker-48: Building workspace] INFO  o.e.m.c.i.embedder.EclipseLogger - Using 'UTF-8' encoding to copy filtered resources.
2019-08-02 19:31:44,701 [Worker-48: Building workspace] INFO  o.e.m.c.i.embedder.EclipseLogger - Copying 1 resource
2019-08-02 19:31:44,712 [Worker-48: Building workspace] INFO  o.e.m.c.i.embedder.EclipseLogger - Copying 3 resources
2019-08-02 19:31:44,718 [Worker-48: Building workspace] INFO  o.e.m.c.i.embedder.EclipseLogger - Using 'UTF-8' encoding to copy filtered resources.
2019-08-02 19:31:44,721 [Worker-48: Building workspace] INFO  o.e.m.c.i.embedder.EclipseLogger - skip non existing resourceDirectory C:\Demo_Jenkins\EmployeeList\src\test\resources
2019-08-02 19:31:44,722 [Worker-48: Building workspace] INFO  o.e.m.w.i.f.ResourceFilteringBuildParticipant - Changed resources require a complete clean of filtered resources of EmployeeList
2019-08-02 19:31:44,722 [Worker-48: Building workspace] INFO  o.e.m.w.i.f.ResourceFilteringBuildParticipant - Executing resource filtering for EmployeeList
2019-08-02 19:31:44,723 [Worker-48: Building workspace] INFO  o.e.m.c.i.embedder.EclipseLogger - Using 'UTF-8' encoding to copy filtered resources.
2019-08-02 19:32:10,126 [Worker-38: Launching Executing clean in C__Demo_Jenkins_EmployeeList] INFO  o.e.m.i.launch.MavenLaunchDelegate - C:\Demo_Jenkins\EmployeeList
2019-08-02 19:32:10,126 [Worker-38: Launching Executing clean in C__Demo_Jenkins_EmployeeList] INFO  o.e.m.i.launch.MavenLaunchDelegate -  mvn -Ppom.xml -B clean
2019-08-02 19:32:11,917 [Worker-45: Building workspace] INFO  o.e.m.c.i.embedder.EclipseLogger - Using 'UTF-8' encoding to copy filtered resources.
2019-08-02 19:32:11,918 [Worker-45: Building workspace] INFO  o.e.m.c.i.embedder.EclipseLogger - Copying 1 resource
2019-08-02 19:32:11,924 [Worker-45: Building workspace] INFO  o.e.m.c.i.embedder.EclipseLogger - Copying 3 resources
2019-08-02 19:32:11,929 [Worker-45: Building workspace] INFO  o.e.m.c.i.embedder.EclipseLogger - Using 'UTF-8' encoding to copy filtered resources.
2019-08-02 19:32:11,933 [Worker-45: Building workspace] INFO  o.e.m.c.i.embedder.EclipseLogger - skip non existing resourceDirectory C:\Demo_Jenkins\EmployeeList\src\test\resources
2019-08-02 19:32:11,934 [Worker-45: Building workspace] INFO  o.e.m.w.i.f.ResourceFilteringBuildParticipant - Changed resources require a complete clean of filtered resources of EmployeeList
2019-08-02 19:32:11,937 [Worker-45: Building workspace] INFO  o.e.m.w.i.f.ResourceFilteringBuildParticipant - Executing resource filtering for EmployeeList
2019-08-02 19:32:11,939 [Worker-45: Building workspace] INFO  o.e.m.c.i.embedder.EclipseLogger - Using 'UTF-8' encoding to copy filtered resources.
2019-08-02 19:32:21,401 [main] INFO  o.e.m2e.actions.ExecutePomAction - Creating new launch configuration
2019-08-02 19:32:27,238 [Worker-28: Launching EmployeeList] INFO  o.e.m.i.launch.MavenLaunchDelegate - C:\Demo_Jenkins\EmployeeList
2019-08-02 19:32:27,243 [Worker-28: Launching EmployeeList] INFO  o.e.m.i.launch.MavenLaunchDelegate -  mvn -Ppom.xml -B compile
2019-08-02 19:40:14,590 [main] INFO  o.e.m2e.actions.ExecutePomAction - Creating new launch configuration
2019-08-02 19:40:20,693 [Worker-44: Launching demoemployee] INFO  o.e.m.i.launch.MavenLaunchDelegate - C:\Demo_Jenkins\EmployeeList
2019-08-02 19:40:20,697 [Worker-44: Launching demoemployee] INFO  o.e.m.i.launch.MavenLaunchDelegate -  mvn -B compile
2019-08-02 19:41:32,927 [main] INFO  o.e.m2e.actions.ExecutePomAction - Creating new launch configuration
2019-08-02 19:41:40,221 [Worker-44: Launching demoemployee (1)] INFO  o.e.m.i.launch.MavenLaunchDelegate - C:\Demo_Jenkins\EmployeeList
2019-08-02 19:41:40,224 [Worker-44: Launching demoemployee (1)] INFO  o.e.m.i.launch.MavenLaunchDelegate -  mvn -B compile
2019-08-02 19:41:51,480 [main] INFO  o.e.m2e.actions.ExecutePomAction - Creating new launch configuration
2019-08-02 19:41:55,628 [Worker-44: Launching demoemployee (2)] INFO  o.e.m.i.launch.MavenLaunchDelegate - C:\Demo_Jenkins\EmployeeList
2019-08-02 19:41:55,632 [Worker-44: Launching demoemployee (2)] INFO  o.e.m.i.launch.MavenLaunchDelegate -  mvn -B install
2019-08-02 20:05:45,631 [Worker-0: Loading available Gradle versions] INFO  o.e.b.c.i.u.g.PublishedGradleVersions - Gradle version information cache is out-of-date. Trying to update.
2019-08-02 20:05:50,404 [Worker-9: Building workspace] INFO  o.e.m.c.i.embedder.EclipseLogger - Using 'UTF-8' encoding to copy filtered resources.
2019-08-02 20:05:50,407 [Worker-9: Building workspace] INFO  o.e.m.c.i.embedder.EclipseLogger - Copying 1 resource
2019-08-02 20:05:50,421 [Worker-9: Building workspace] INFO  o.e.m.c.i.embedder.EclipseLogger - Copying 3 resources
2019-08-02 20:05:50,436 [Worker-9: Building workspace] INFO  o.e.m.c.i.embedder.EclipseLogger - Using 'UTF-8' encoding to copy filtered resources.
2019-08-02 20:05:50,436 [Worker-9: Building workspace] INFO  o.e.m.c.i.embedder.EclipseLogger - skip non existing resourceDirectory C:\Employee\Demo_jenkins\EmployeeList\src\test\resources
2019-08-02 20:06:10,002 [Worker-10: Updating Maven Project] INFO  o.e.m.c.i.p.ProjectConfigurationManager - Update started
2019-08-02 20:06:10,511 [Worker-10: Updating Maven Project] INFO  o.e.m.c.i.l.LifecycleMappingFactory - Using org.maven.ide.eclipse.wtp.WarLifecycleMapping lifecycle mapping for MavenProject: com.luv2code.saptech:demoemployee:0.0.1-SNAPSHOT @ C:\Employee\Demo_jenkins\EmployeeList\pom.xml.
2019-08-02 20:06:11,450 [Worker-10: Updating Maven Project] INFO  o.e.m.j.i.AbstractJavaProjectConfigurator - Adding source folder /EmployeeList/src/main/java
2019-08-02 20:06:11,450 [Worker-10: Updating Maven Project] INFO  o.e.m.j.i.AbstractJavaProjectConfigurator - Adding resource folder /EmployeeList/src/main/resources
2019-08-02 20:06:11,450 [Worker-10: Updating Maven Project] INFO  o.e.m.j.i.AbstractJavaProjectConfigurator - Adding resource folder /EmployeeList/src/main/resources
2019-08-02 20:06:11,451 [Worker-10: Updating Maven Project] INFO  o.e.m.j.i.AbstractJavaProjectConfigurator - Adding source folder /EmployeeList/src/test/java
2019-08-02 20:06:12,188 [Worker-10: Updating Maven Project] INFO  o.e.m.w.i.f.ResourceFilteringBuildParticipant - Cleaning filtered folder for EmployeeList
2019-08-02 20:06:12,193 [Worker-10: Updating Maven Project] INFO  o.e.m.c.i.p.ProjectConfigurationManager - Update completed: 2 sec
2019-08-02 20:06:12,879 [Worker-3: Building workspace] INFO  o.e.m.c.i.embedder.EclipseLogger - Using 'UTF-8' encoding to copy filtered resources.
2019-08-02 20:06:12,879 [Worker-3: Building workspace] INFO  o.e.m.c.i.embedder.EclipseLogger - Copying 1 resource
2019-08-02 20:06:12,891 [Worker-3: Building workspace] INFO  o.e.m.c.i.embedder.EclipseLogger - Copying 3 resources
2019-08-02 20:06:12,900 [Worker-3: Building workspace] INFO  o.e.m.c.i.embedder.EclipseLogger - Using 'UTF-8' encoding to copy filtered resources.
2019-08-02 20:06:12,901 [Worker-3: Building workspace] INFO  o.e.m.c.i.embedder.EclipseLogger - skip non existing resourceDirectory C:\Employee\Demo_jenkins\EmployeeList\src\test\resources
2019-08-02 20:06:12,901 [Worker-3: Building workspace] INFO  o.e.m.w.i.f.ResourceFilteringBuildParticipant - Changed resources require a complete clean of filtered resources of EmployeeList
2019-08-02 20:06:12,908 [Worker-3: Building workspace] INFO  o.e.m.w.i.f.ResourceFilteringBuildParticipant - Executing resource filtering for EmployeeList
2019-08-02 20:06:12,912 [Worker-3: Building workspace] INFO  o.e.m.c.i.embedder.EclipseLogger - Using 'UTF-8' encoding to copy filtered resources.
